<?xml version="1.0" encoding="UTF-8"?>
<!-- Generated by org.testng.reporters.JUnitReportReporter -->
<testsuite hostname="SOARESA1" name="br.com.abril.nds.process.PrincipalTest" tests="1" failures="0" timestamp="8 Feb 2013 20:28:31 GMT" time="1.720" errors="0">
  <testcase name="main" time="1.720" classname="br.com.abril.nds.process.PrincipalTest"/>
</testsuite> <!-- br.com.abril.nds.process.PrincipalTest -->
