<?xml version="1.0" encoding="UTF-8"?>
<!-- Generated by org.testng.reporters.JUnitReportReporter -->
<testsuite hostname="SOARESA1" name="br.com.abril.nds.process.CorrecaoVendasTest" tests="1" failures="0" timestamp="8 Feb 2013 23:13:02 GMT" time="1.648" errors="0">
  <testcase name="main" time="1.648" classname="br.com.abril.nds.process.CorrecaoVendasTest"/>
</testsuite> <!-- br.com.abril.nds.process.CorrecaoVendasTest -->
