<?xml version="1.0" encoding="UTF-8"?>
<!-- Generated by org.testng.reporters.JUnitReportReporter -->
<testsuite hostname="William-HP" name="br.com.abril.nds.repository.impl.BalanceamentoRecolhimentoTest" tests="3" failures="3" timestamp="15 May 2012 11:55:36 GMT" time="0,009" errors="0">
  <testcase name="buscarBalanceamentoPeriodoSucesso" time="0,003" classname="br.com.abril.nds.repository.impl.BalanceamentoRecolhimentoTest">
    <failure type="org.hibernate.HibernateException" message="No Hibernate Session bound to thread, and configuration does not allow creation of non-transactional one here">
      <![CDATA[org.hibernate.HibernateException: No Hibernate Session bound to thread, and configuration does not allow creation of non-transactional one here
	at org.springframework.orm.hibernate3.SpringSessionContext.currentSession(SpringSessionContext.java:63)
	at org.hibernate.impl.SessionFactoryImpl.getCurrentSession(SessionFactoryImpl.java:685)
	at br.com.abril.nds.repository.impl.AbstractRepositoryImplTestNG.getSession(AbstractRepositoryImplTestNG.java:23)
	at br.com.abril.nds.repository.impl.AbstractRepositoryImplTestNG.save(AbstractRepositoryImplTestNG.java:28)
	at br.com.abril.nds.repository.impl.BalanceamentoRecolhimentoTest.setUp(BalanceamentoRecolhimentoTest.java:76)
	at sun.reflect.NativeMethodAccessorImpl.invoke0(Native Method)
	at sun.reflect.NativeMethodAccessorImpl.invoke(Unknown Source)
	at sun.reflect.DelegatingMethodAccessorImpl.invoke(Unknown Source)
	at java.lang.reflect.Method.invoke(Unknown Source)
	at org.testng.internal.MethodInvocationHelper.invokeMethod(MethodInvocationHelper.java:80)
	at org.testng.internal.Invoker.invokeConfigurationMethod(Invoker.java:551)
	at org.testng.internal.Invoker.invokeConfigurations(Invoker.java:213)
	at org.testng.internal.Invoker.invokeConfigurations(Invoker.java:138)
	at org.testng.internal.TestMethodWorker.invokeBeforeClassMethods(TestMethodWorker.java:175)
	at org.testng.internal.TestMethodWorker.run(TestMethodWorker.java:107)
	at org.testng.TestRunner.privateRun(TestRunner.java:768)
	at org.testng.TestRunner.run(TestRunner.java:617)
	at org.testng.SuiteRunner.runTest(SuiteRunner.java:334)
	at org.testng.SuiteRunner.runSequentially(SuiteRunner.java:329)
	at org.testng.SuiteRunner.privateRun(SuiteRunner.java:291)
	at org.testng.SuiteRunner.run(SuiteRunner.java:240)
	at org.testng.SuiteRunnerWorker.runSuite(SuiteRunnerWorker.java:53)
	at org.testng.SuiteRunnerWorker.run(SuiteRunnerWorker.java:87)
	at org.testng.TestNG.runSuitesSequentially(TestNG.java:1185)
	at org.testng.TestNG.runSuitesLocally(TestNG.java:1110)
	at org.testng.TestNG.run(TestNG.java:1022)
	at org.testng.remote.RemoteTestNG.run(RemoteTestNG.java:109)
	at org.testng.remote.RemoteTestNG.initAndRun(RemoteTestNG.java:202)
	at org.testng.remote.RemoteTestNG.main(RemoteTestNG.java:173)
]]>
    </failure>
  </testcase> <!-- buscarBalanceamentoPeriodoSucesso -->
  <testcase name="obterExpectativaEncalheDataSucesso" time="0,002" classname="br.com.abril.nds.repository.impl.BalanceamentoRecolhimentoTest">
    <failure type="org.hibernate.HibernateException" message="No Hibernate Session bound to thread, and configuration does not allow creation of non-transactional one here">
      <![CDATA[org.hibernate.HibernateException: No Hibernate Session bound to thread, and configuration does not allow creation of non-transactional one here
	at org.springframework.orm.hibernate3.SpringSessionContext.currentSession(SpringSessionContext.java:63)
	at org.hibernate.impl.SessionFactoryImpl.getCurrentSession(SessionFactoryImpl.java:685)
	at br.com.abril.nds.repository.impl.AbstractRepositoryImplTestNG.getSession(AbstractRepositoryImplTestNG.java:23)
	at br.com.abril.nds.repository.impl.AbstractRepositoryImplTestNG.save(AbstractRepositoryImplTestNG.java:28)
	at br.com.abril.nds.repository.impl.BalanceamentoRecolhimentoTest.setUp(BalanceamentoRecolhimentoTest.java:76)
	at sun.reflect.NativeMethodAccessorImpl.invoke0(Native Method)
	at sun.reflect.NativeMethodAccessorImpl.invoke(Unknown Source)
	at sun.reflect.DelegatingMethodAccessorImpl.invoke(Unknown Source)
	at java.lang.reflect.Method.invoke(Unknown Source)
	at org.testng.internal.MethodInvocationHelper.invokeMethod(MethodInvocationHelper.java:80)
	at org.testng.internal.Invoker.invokeConfigurationMethod(Invoker.java:551)
	at org.testng.internal.Invoker.invokeConfigurations(Invoker.java:213)
	at org.testng.internal.Invoker.invokeConfigurations(Invoker.java:138)
	at org.testng.internal.TestMethodWorker.invokeBeforeClassMethods(TestMethodWorker.java:175)
	at org.testng.internal.TestMethodWorker.run(TestMethodWorker.java:107)
	at org.testng.TestRunner.privateRun(TestRunner.java:768)
	at org.testng.TestRunner.run(TestRunner.java:617)
	at org.testng.SuiteRunner.runTest(SuiteRunner.java:334)
	at org.testng.SuiteRunner.runSequentially(SuiteRunner.java:329)
	at org.testng.SuiteRunner.privateRun(SuiteRunner.java:291)
	at org.testng.SuiteRunner.run(SuiteRunner.java:240)
	at org.testng.SuiteRunnerWorker.runSuite(SuiteRunnerWorker.java:53)
	at org.testng.SuiteRunnerWorker.run(SuiteRunnerWorker.java:87)
	at org.testng.TestNG.runSuitesSequentially(TestNG.java:1185)
	at org.testng.TestNG.runSuitesLocally(TestNG.java:1110)
	at org.testng.TestNG.run(TestNG.java:1022)
	at org.testng.remote.RemoteTestNG.run(RemoteTestNG.java:109)
	at org.testng.remote.RemoteTestNG.initAndRun(RemoteTestNG.java:202)
	at org.testng.remote.RemoteTestNG.main(RemoteTestNG.java:173)
]]>
    </failure>
  </testcase> <!-- obterExpectativaEncalheDataSucesso -->
  <testcase name="obterBalanceamentoRecolhimentoPorEditorDataSucesso" time="0,004" classname="br.com.abril.nds.repository.impl.BalanceamentoRecolhimentoTest">
    <failure type="org.hibernate.HibernateException" message="No Hibernate Session bound to thread, and configuration does not allow creation of non-transactional one here">
      <![CDATA[org.hibernate.HibernateException: No Hibernate Session bound to thread, and configuration does not allow creation of non-transactional one here
	at org.springframework.orm.hibernate3.SpringSessionContext.currentSession(SpringSessionContext.java:63)
	at org.hibernate.impl.SessionFactoryImpl.getCurrentSession(SessionFactoryImpl.java:685)
	at br.com.abril.nds.repository.impl.AbstractRepositoryImplTestNG.getSession(AbstractRepositoryImplTestNG.java:23)
	at br.com.abril.nds.repository.impl.AbstractRepositoryImplTestNG.save(AbstractRepositoryImplTestNG.java:28)
	at br.com.abril.nds.repository.impl.BalanceamentoRecolhimentoTest.setUp(BalanceamentoRecolhimentoTest.java:76)
	at sun.reflect.NativeMethodAccessorImpl.invoke0(Native Method)
	at sun.reflect.NativeMethodAccessorImpl.invoke(Unknown Source)
	at sun.reflect.DelegatingMethodAccessorImpl.invoke(Unknown Source)
	at java.lang.reflect.Method.invoke(Unknown Source)
	at org.testng.internal.MethodInvocationHelper.invokeMethod(MethodInvocationHelper.java:80)
	at org.testng.internal.Invoker.invokeConfigurationMethod(Invoker.java:551)
	at org.testng.internal.Invoker.invokeConfigurations(Invoker.java:213)
	at org.testng.internal.Invoker.invokeConfigurations(Invoker.java:138)
	at org.testng.internal.TestMethodWorker.invokeBeforeClassMethods(TestMethodWorker.java:175)
	at org.testng.internal.TestMethodWorker.run(TestMethodWorker.java:107)
	at org.testng.TestRunner.privateRun(TestRunner.java:768)
	at org.testng.TestRunner.run(TestRunner.java:617)
	at org.testng.SuiteRunner.runTest(SuiteRunner.java:334)
	at org.testng.SuiteRunner.runSequentially(SuiteRunner.java:329)
	at org.testng.SuiteRunner.privateRun(SuiteRunner.java:291)
	at org.testng.SuiteRunner.run(SuiteRunner.java:240)
	at org.testng.SuiteRunnerWorker.runSuite(SuiteRunnerWorker.java:53)
	at org.testng.SuiteRunnerWorker.run(SuiteRunnerWorker.java:87)
	at org.testng.TestNG.runSuitesSequentially(TestNG.java:1185)
	at org.testng.TestNG.runSuitesLocally(TestNG.java:1110)
	at org.testng.TestNG.run(TestNG.java:1022)
	at org.testng.remote.RemoteTestNG.run(RemoteTestNG.java:109)
	at org.testng.remote.RemoteTestNG.initAndRun(RemoteTestNG.java:202)
	at org.testng.remote.RemoteTestNG.main(RemoteTestNG.java:173)
]]>
    </failure>
  </testcase> <!-- obterBalanceamentoRecolhimentoPorEditorDataSucesso -->
</testsuite> <!-- br.com.abril.nds.repository.impl.BalanceamentoRecolhimentoTest -->
